make all --print-data-base --no-builtin-variables --no-builtin-rules --question
# GNU Make 3.81
# Copyright (C) 2006  Free Software Foundation, Inc.
# This is free software; see the source for copying conditions.
# There is NO warranty; not even for MERCHANTABILITY or FITNESS FOR A
# PARTICULAR PURPOSE.

# This program built for i386-apple-darwin11.3.0
 

# Make data base, printed on Sat Jun 11 22:53:31 2022

# Variables

# automatic
<D = $(patsubst %/,%,$(dir $<))
# automatic
?F = $(notdir $?)
# automatic
?D = $(patsubst %/,%,$(dir $?))
 
# makefile (from `Makefile', line 28)
INCLUDES = -I$(LIBFT_DIR) -I$(INC_DIR) -I$(CLUSTER_RL_DIR)/include
# automatic
@D = $(patsubst %/,%,$(dir $@))
# automatic
@F = $(notdir $@)
# makefile
CURDIR := /Users/jasong/42minishell
# makefile
SHELL = /bin/sh
# environment
VSCODE_NLS_CONFIG = {"locale":"en-us","availableLanguages":{},"_languagePackSupport":true}
# environment
_ = /usr/bin/make
# makefile (from `Makefile', line 24)
JASONG_LIB_FLAG = -L$(JASONG_LOCAL_RL_DIR)/lib
# makefile (from `Makefile', line 1)
MAKEFILE_LIST :=  Makefile
# environment
VSCODE_NODE_CACHED_DATA_DIR = /Users/jasong/Library/Application Support/Code/CachedData/6ab598523be7a800d7f3eb4d92d7ab9a66069390
# environment
VERBOSE_LOGGING = true
# environment
VSCODE_LOGS = /Users/jasong/Library/Application Support/Code/logs/20220611T225317
# makefile (from `Makefile', line 48)
OBJS = $(SRCS:.c=.o)
# environment
VSCODE_IPC_HOOK_EXTHOST = /var/folders/zz/zyxvpxvq6csfxvn_n000cj54003499/T/vscode-ipc-e87705c5-243f-4e5a-a3ef-253f401a87b9.sock
# environment
PATH = /Users/jasong/.brew/bin:/usr/local/bin:/usr/bin:/bin:/usr/sbin:/sbin:/usr/local/munki
# environment
LSCOLORS = Gxfxcxdxbxegedabagacad
# environment
LaunchInstanceID = 81D80445-9E06-48C6-94ED-EBF4B0826E42
# environment
VSCODE_LOG_STACK = false
# environment
ELECTRON_RUN_AS_NODE = 1
# default
.FEATURES := target-specific order-only second-expansion else-if archives jobserver check-symlink
# makefile (from `Makefile', line 18)
LIBFT_DIR = ./lib/libft/
# makefile (from `Makefile', line 23)
JASONG_LOCAL_RL_DIR = /opt/homebrew/opt/readline
# environment
SSH_AUTH_SOCK = /private/tmp/com.apple.launchd.EscHydVrm7/Listeners
# automatic
%F = $(notdir $%)
# environment
PWD = /Users/jasong/42minishell
# makefile (from `Makefile', line 21)
CLUSTER_RL_DIR = $(HOME)/.brew/opt/readline
# makefile (from `Makefile', line 20)
INC_DIR = ./includes/
# makefile (from `Makefile', line 17)
SANITIZER = -g -fsanitize=address
# environment
HOME = /Users/jasong
# makefile (from `Makefile', line 25)
JASONG_INC_FLAG = -I$(JASONG_LOCAL_RL_DIR)/include
# default
MAKEFILEPATH := /Applications/Xcode.app/Contents/Developer/Makefiles
# environment
LOGNAME = jasong
# environment
APPLICATION_INSIGHTS_NO_DIAGNOSTIC_CHANNEL = true
# environment
ZSH = /Users/jasong/.oh-my-zsh
# makefile (from `Makefile', line 16)
CFLAG = 
# environment
VSCODE_HANDLES_UNCAUGHT_ERRORS = true
# automatic
^D = $(patsubst %/,%,$(dir $^))
# environment
XPC_FLAGS = 0x0
# default
MAKE = $(MAKE_COMMAND)
# default
MAKECMDGOALS := all
# makefile (from `Makefile', line 47)
SRCS = $(MAIN_SRCDIR)
# environment
SHLVL = 1
# makefile (from `Makefile', line 19)
LIBFT = $(LIBFT_DIR)libft.a
# makefile (from `Makefile', line 15)
CC = gcc
# default
MAKE_VERSION := 3.81
# environment
AMD_ENTRYPOINT = vs/workbench/services/extensions/node/extensionHostProcess
# environment
USER = jasong
# makefile
.DEFAULT_GOAL := all
# makefile (from `Makefile', line 13)
NAME = minishell
# environment
PIPE_LOGGING = true
# environment
LESS = -R
# automatic
%D = $(patsubst %/,%,$(dir $%))
# default
MAKE_COMMAND := /Applications/Xcode.app/Contents/Developer/usr/bin/make
# default
.VARIABLES := 
# environment
TMPDIR = /var/folders/zz/zyxvpxvq6csfxvn_n000cj54003499/T/
# automatic
*F = $(notdir $*)
# environment
VSCODE_IPC_HOOK = /Users/jasong/Library/Application Support/Code/1.39.2-main.sock
# makefile
MAKEFLAGS = Rrqp
# environment
MFLAGS = -Rrqp
# automatic
*D = $(patsubst %/,%,$(dir $*))
# environment
MAIL = jasong@student.42seoul.kr
# environment
XPC_SERVICE_NAME = com.apple.xpc.launchd.oneshot.0x10000001.Electron
# automatic
+D = $(patsubst %/,%,$(dir $+))
# automatic
+F = $(notdir $+)
# makefile (from `Makefile', line 45)
MAIN_SRCDIR = $(addprefix $(SRC_DIR), $(MAIN_SRCS))
# environment
__CF_USER_TEXT_ENCODING = 0x19129:0x0:0x0
# environment
COMMAND_MODE = unix2003
# default
MAKEFILES := 
# makefile (from `Makefile', line 30)
SRC_DIR = ./srcs/
# automatic
<F = $(notdir $<)
# environment
PAGER = less
# environment
LC_ALL = C
# makefile (from `Makefile', line 27)
LIBRARIES = -L$(LIBFT_DIR) -L$(CLUSTER_RL_DIR)/lib
# environment
SECURITYSESSIONID = 186a6
# automatic
^F = $(notdir $^)
# default
SUFFIXES := 
# default
.INCLUDE_DIRS = /usr/local/include
# environment
MAKELEVEL := 0
# makefile (from `Makefile', line 32)
MAIN_SRCS = signal_handler.c prompt.c minishell.c init_prompt.c init_struct.c lexer/tokenizer.c lexer/create_token_list.c lexer/lexer.c lexer/tokenizing_util.c lexer/validate_token_list.c scanner/expand_envvars.c scanner/expand_tokens.c scanner/expand_util.c scanner/get_token_env.c scanner/init_token_util.c scanner/scanner.c util_free/safety_free.c parser/build_parse_tree.c parser/init_parser.c parser/parse_result_util.c parser/parser_add_tree_node.c parser/parser.c util_free/terminate_free.c builtin/built_error.c builtin/builtin_cd.c builtin/builtin_echo.c builtin/builtin_env.c builtin/builtin_error_singlequote.c builtin/builtin_exit.c builtin/builtin_export.c builtin/builtin_pwd.c builtin/builtin_unset.c execute/execute.c 
# environment
LANG = C
# environment
VSCODE_PID = 4851
 
# variable set hash-table stats:
# Load=84/1024=8%, Rehash=0, Collisions=8/132=6%

# Pattern-specific Variable Values

# No pattern-specific variable values.

# Directories

# srcs/scanner (device 16777225, inode 8038337): 13 files, no impossibilities so far.
# . (device 16777225, inode 8013981): 12 files, no impossibilities.
# srcs/util_free (device 16777225, inode 8038344): 5 files, no impossibilities so far.
# srcs/builtin (device 16777225, inode 8021270): 15 files, no impossibilities so far.
# srcs (device 16777225, inode 8014116): 16 files, no impossibilities so far.
# srcs/lexer (device 16777225, inode 8038323): 11 files, no impossibilities so far.
# srcs/parser (device 16777225, inode 8038330): 11 files, no impossibilities so far.

# 83 files, no impossibilities in 7 directories.

# Implicit Rules

%.o: %.c
#  commands to execute (from `Makefile', line 56):
	@$(CC) $(CFLAG) -c $(INCLUDES) $< -o $@
	

# 1 implicit rules, 0 (0.0%) terminal.

# Files

srcs/scanner/expand_envvars.o: srcs/scanner/expand_envvars.c
#  Implicit rule search has been done.
#  Implicit/static pattern stem: `srcs/scanner/expand_envvars'
#  Last modified 2022-06-11 20:52:34
#  File has been updated.
#  Successfully updated.
# variable set hash-table stats:
# Load=0/32=0%, Rehash=0, Collisions=0/0=0%
#  commands to execute (from `Makefile', line 56):
	@$(CC) $(CFLAG) -c $(INCLUDES) $< -o $@
	

srcs/parser/build_parse_tree.o: srcs/parser/build_parse_tree.c
#  Implicit rule search has been done.
#  Implicit/static pattern stem: `srcs/parser/build_parse_tree'
#  Last modified 2022-06-11 20:52:34
#  File has been updated.
#  Successfully updated.
# variable set hash-table stats:
# Load=0/32=0%, Rehash=0, Collisions=0/0=0%
#  commands to execute (from `Makefile', line 56):
	@$(CC) $(CFLAG) -c $(INCLUDES) $< -o $@
	

# Not a target:
srcs/parser/parse_result_util.c:
#  Implicit rule search has been done.
#  Last modified 2022-06-11 12:49:09
#  File has been updated.
#  Successfully updated.
# variable set hash-table stats:
# Load=0/32=0%, Rehash=0, Collisions=0/0=0%

# Not a target:
srcs/builtin/builtin_pwd.o:
#  Implicit rule search has not been done.
#  Modification time never checked.
#  File has not been updated.

srcs/parser/parser_add_tree_node.o: srcs/parser/parser_add_tree_node.c
#  Implicit rule search has been done.
#  Implicit/static pattern stem: `srcs/parser/parser_add_tree_node'
#  Last modified 2022-06-11 20:52:35
#  File has been updated.
#  Successfully updated.
# variable set hash-table stats:
# Load=0/32=0%, Rehash=0, Collisions=0/0=0%
#  commands to execute (from `Makefile', line 56):
	@$(CC) $(CFLAG) -c $(INCLUDES) $< -o $@
	

srcs/util_free/safety_free.o: srcs/util_free/safety_free.c
#  Implicit rule search has been done.
#  Implicit/static pattern stem: `srcs/util_free/safety_free'
#  Last modified 2022-06-11 20:52:34
#  File has been updated.
#  Successfully updated.
# variable set hash-table stats:
# Load=0/32=0%, Rehash=0, Collisions=0/0=0%
#  commands to execute (from `Makefile', line 56):
	@$(CC) $(CFLAG) -c $(INCLUDES) $< -o $@
	

srcs/scanner/expand_util.o: srcs/scanner/expand_util.c
#  Implicit rule search has been done.
#  Implicit/static pattern stem: `srcs/scanner/expand_util'
#  Last modified 2022-06-11 20:52:34
#  File has been updated.
#  Successfully updated.
# variable set hash-table stats:
# Load=0/32=0%, Rehash=0, Collisions=0/0=0%
#  commands to execute (from `Makefile', line 56):
	@$(CC) $(CFLAG) -c $(INCLUDES) $< -o $@
	

# Not a target:
srcs/builtin/builtin_unset.o:
#  Implicit rule search has not been done.
#  Modification time never checked.
#  File has not been updated.

srcs/lexer/create_token_list.o: srcs/lexer/create_token_list.c
#  Implicit rule search has been done.
#  Implicit/static pattern stem: `srcs/lexer/create_token_list'
#  Last modified 2022-06-11 20:52:34
#  File has been updated.
#  Successfully updated.
# variable set hash-table stats:
# Load=0/32=0%, Rehash=0, Collisions=0/0=0%
#  commands to execute (from `Makefile', line 56):
	@$(CC) $(CFLAG) -c $(INCLUDES) $< -o $@
	

# Not a target:
srcs/init_prompt.c:
#  Implicit rule search has been done.
#  Last modified 2022-06-11 12:49:09
#  File has been updated.
#  Successfully updated.
# variable set hash-table stats:
# Load=0/32=0%, Rehash=0, Collisions=0/0=0%

all: minishell
#  Phony target (prerequisite of .PHONY).
#  Command-line target.
#  Implicit rule search has not been done.
#  File does not exist.
#  File has been updated.
#  Needs to be updated (-q is set).
# variable set hash-table stats:
# Load=0/32=0%, Rehash=0, Collisions=0/9=0%

# Not a target:
srcs/lexer/lexer.c:
#  Implicit rule search has been done.
#  Last modified 2022-06-11 20:46:10
#  File has been updated.
#  Successfully updated.
# variable set hash-table stats:
# Load=0/32=0%, Rehash=0, Collisions=0/0=0%

.PHONY: all clean fclean re debug
#  Implicit rule search has not been done.
#  Modification time never checked.
#  File has not been updated.

# Not a target:
srcs/builtin/builtin_error_singlequote.c:
#  Implicit rule search has been done.
#  Last modified 2022-06-11 18:04:50
#  File has been updated.
#  Successfully updated.
# variable set hash-table stats:
# Load=0/32=0%, Rehash=0, Collisions=0/0=0%

# Not a target:
srcs/scanner/scanner.c:
#  Implicit rule search has been done.
#  Last modified 2022-06-11 12:49:09
#  File has been updated.
#  Successfully updated.
# variable set hash-table stats:
# Load=0/32=0%, Rehash=0, Collisions=0/0=0%

# Not a target:
srcs/scanner/get_token_env.c:
#  Implicit rule search has been done.
#  Last modified 2022-06-11 12:49:09
#  File has been updated.
#  Successfully updated.
# variable set hash-table stats:
# Load=0/32=0%, Rehash=0, Collisions=0/0=0%

# Not a target:
srcs/signal_handler.c:
#  Implicit rule search has been done.
#  Last modified 2022-05-30 19:39:24
#  File has been updated.
#  Successfully updated.
# variable set hash-table stats:
# Load=0/32=0%, Rehash=0, Collisions=0/0=0%

srcs/util_free/terminate_free.o: srcs/util_free/terminate_free.c
#  Implicit rule search has been done.
#  Implicit/static pattern stem: `srcs/util_free/terminate_free'
#  Last modified 2022-06-11 20:52:35
#  File has been updated.
#  Successfully updated.
# variable set hash-table stats:
# Load=0/32=0%, Rehash=0, Collisions=0/0=0%
#  commands to execute (from `Makefile', line 56):
	@$(CC) $(CFLAG) -c $(INCLUDES) $< -o $@
	

# Not a target:
.SUFFIXES:
#  Implicit rule search has not been done.
#  Modification time never checked.
#  File has not been updated.

srcs/parser/parser.o: srcs/parser/parser.c
#  Implicit rule search has been done.
#  Implicit/static pattern stem: `srcs/parser/parser'
#  Last modified 2022-06-11 20:52:35
#  File has been updated.
#  Successfully updated.
# variable set hash-table stats:
# Load=0/32=0%, Rehash=0, Collisions=0/0=0%
#  commands to execute (from `Makefile', line 56):
	@$(CC) $(CFLAG) -c $(INCLUDES) $< -o $@
	

srcs/lexer/tokenizer.o: srcs/lexer/tokenizer.c
#  Implicit rule search has been done.
#  Implicit/static pattern stem: `srcs/lexer/tokenizer'
#  Last modified 2022-06-11 20:52:34
#  File has been updated.
#  Successfully updated.
# variable set hash-table stats:
# Load=0/32=0%, Rehash=0, Collisions=0/0=0%
#  commands to execute (from `Makefile', line 56):
	@$(CC) $(CFLAG) -c $(INCLUDES) $< -o $@
	

srcs/scanner/init_token_util.o: srcs/scanner/init_token_util.c
#  Implicit rule search has been done.
#  Implicit/static pattern stem: `srcs/scanner/init_token_util'
#  Last modified 2022-06-11 20:52:34
#  File has been updated.
#  Successfully updated.
# variable set hash-table stats:
# Load=0/32=0%, Rehash=0, Collisions=0/0=0%
#  commands to execute (from `Makefile', line 56):
	@$(CC) $(CFLAG) -c $(INCLUDES) $< -o $@
	

# Not a target:
Makefile:
#  Implicit rule search has been done.
#  Last modified 2022-06-11 20:19:55
#  File has been updated.
#  Successfully updated.
# variable set hash-table stats:
# Load=0/32=0%, Rehash=0, Collisions=0/0=0%

# Not a target:
srcs/builtin/builtin_exit.c:
#  Implicit rule search has been done.
#  Last modified 2022-06-11 12:49:14
#  File has been updated.
#  Successfully updated.
 
# variable set hash-table stats:
# Load=0/32=0%, Rehash=0, Collisions=0/0=0%

debug: lib/libft/libft.a
#  Phony target (prerequisite of .PHONY).
#  Implicit rule search has not been done.
#  File does not exist.
#  File has not been updated.
#  commands to execute (from `Makefile', line 80):
	$(CC) $(CFLAG) $(LIBRARIES) $(SANITIZER) $(INCLUDES) $(MAIN_SRCDIR) -o $@ -lft -lreadline
	

# Not a target:
srcs/scanner/expand_tokens.c:
#  Implicit rule search has been done.
#  Last modified 2022-06-11 12:49:09
#  File has been updated.
#  Successfully updated.
# variable set hash-table stats:
# Load=0/32=0%, Rehash=0, Collisions=0/0=0%

srcs/builtin/built_error.o: srcs/builtin/built_error.c
#  Implicit rule search has been done.
#  Implicit/static pattern stem: `srcs/builtin/built_error'
#  Last modified 2022-06-11 20:52:35
#  File has been updated.
#  Successfully updated.
# variable set hash-table stats:
# Load=0/32=0%, Rehash=0, Collisions=0/0=0%
#  commands to execute (from `Makefile', line 56):
	@$(CC) $(CFLAG) -c $(INCLUDES) $< -o $@
	

# Not a target:
srcs/scanner/expand_envvars.c:
#  Implicit rule search has been done.
#  Last modified 2022-06-11 12:49:14
#  File has been updated.
#  Successfully updated.
# variable set hash-table stats:
# Load=0/32=0%, Rehash=0, Collisions=0/0=0%

# Not a target:
srcs/parser/build_parse_tree.c:
#  Implicit rule search has been done.
#  Last modified 2022-06-11 20:35:36
#  File has been updated.
#  Successfully updated.
# variable set hash-table stats:
# Load=0/32=0%, Rehash=0, Collisions=0/0=0%

srcs/init_struct.o: srcs/init_struct.c
#  Implicit rule search has been done.
#  Implicit/static pattern stem: `srcs/init_struct'
#  Last modified 2022-06-11 20:52:34
#  File has been updated.
#  Successfully updated.
# variable set hash-table stats:
# Load=0/32=0%, Rehash=0, Collisions=0/0=0%
#  commands to execute (from `Makefile', line 56):
	@$(CC) $(CFLAG) -c $(INCLUDES) $< -o $@
	

# Not a target:
srcs/parser/parser_add_tree_node.c:
#  Implicit rule search has been done.
#  Last modified 2022-06-11 12:49:14
#  File has been updated.
#  Successfully updated.
# variable set hash-table stats:
# Load=0/32=0%, Rehash=0, Collisions=0/0=0%

# Not a target:
srcs/util_free/safety_free.c:
#  Implicit rule search has been done.
#  Last modified 2022-06-11 12:49:09
#  File has been updated.
#  Successfully updated.
# variable set hash-table stats:
# Load=0/32=0%, Rehash=0, Collisions=0/0=0%

minishell: lib/libft/libft.a srcs/signal_handler.o srcs/prompt.o srcs/minishell.o srcs/init_prompt.o srcs/init_struct.o srcs/lexer/tokenizer.o srcs/lexer/create_token_list.o srcs/lexer/lexer.o srcs/lexer/tokenizing_util.o srcs/lexer/validate_token_list.o srcs/scanner/expand_envvars.o srcs/scanner/expand_tokens.o srcs/scanner/expand_util.o srcs/scanner/get_token_env.o srcs/scanner/init_token_util.o srcs/scanner/scanner.o srcs/util_free/safety_free.o srcs/parser/build_parse_tree.o srcs/parser/init_parser.o srcs/parser/parse_result_util.o srcs/parser/parser_add_tree_node.o srcs/parser/parser.o srcs/util_free/terminate_free.o srcs/builtin/built_error.o srcs/builtin/builtin_cd.o srcs/builtin/builtin_echo.o srcs/builtin/builtin_env.o srcs/builtin/builtin_error_singlequote.o srcs/builtin/builtin_exit.o srcs/builtin/builtin_export.o srcs/builtin/builtin_pwd.o srcs/builtin/builtin_unset.o srcs/execute/execute.o
#  Implicit rule search has not been done.
#  Last modified 2022-06-11 20:52:35
#  File has been updated.
#  Needs to be updated (-q is set).
# variable set hash-table stats:
# Load=0/32=0%, Rehash=0, Collisions=0/9=0%
#  commands to execute (from `Makefile', line 53):
	$(CC) $(CFLAG) $(LIBRARIES) $(INCLUDES) $(OBJS) -o $(NAME) -lft -lreadline
	

# Not a target:
srcs/scanner/expand_util.c:
#  Implicit rule search has been done.
#  Last modified 2022-06-11 12:49:09
#  File has been updated.
#  Successfully updated.
# variable set hash-table stats:
# Load=0/32=0%, Rehash=0, Collisions=0/0=0%

# Not a target:
srcs/lexer/create_token_list.c:
#  Implicit rule search has been done.
#  Last modified 2022-06-11 19:16:25
#  File has been updated.
#  Successfully updated.
# variable set hash-table stats:
# Load=0/32=0%, Rehash=0, Collisions=0/0=0%

# Not a target:
srcs/builtin/builtin_env.c:
#  Implicit rule search has been done.
#  Last modified 2022-06-11 12:49:14
#  File has been updated.
#  Successfully updated.
# variable set hash-table stats:
# Load=0/32=0%, Rehash=0, Collisions=0/0=0%

srcs/parser/init_parser.o: srcs/parser/init_parser.c
#  Implicit rule search has been done.
#  Implicit/static pattern stem: `srcs/parser/init_parser'
#  Last modified 2022-06-11 20:52:34
#  File has been updated.
#  Successfully updated.
# variable set hash-table stats:
# Load=0/32=0%, Rehash=0, Collisions=0/0=0%
#  commands to execute (from `Makefile', line 56):
	@$(CC) $(CFLAG) -c $(INCLUDES) $< -o $@
	

dclean:
#  Implicit rule search has not been done.
#  Modification time never checked.
#  File has not been updated.
#  commands to execute (from `Makefile', line 83):
	@$(MAKE) -s -C $(LIBFT_DIR) fclean
	rm -rf debug
	rm -rf debug.dSYM
	

fclean:
#  Phony target (prerequisite of .PHONY).
#  Implicit rule search has not been done.
#  File does not exist.
#  File has not been updated.
#  commands to execute (from `Makefile', line 66):
	@$(MAKE) -s -C $(LIBFT_DIR) fclean
	@rm -rf $(OBJS)
	rm -rf $(NAME)
	

jclean: fclean
#  Implicit rule search has not been done.
#  Modification time never checked.
#  File has not been updated.
#  commands to execute (from `Makefile', line 76):
	rm -rf jasong.dSYM
	rm -rf jasong
	

srcs/minishell.o: srcs/minishell.c
#  Implicit rule search has been done.
#  Implicit/static pattern stem: `srcs/minishell'
#  Last modified 2022-06-11 20:52:34
#  File has been updated.
#  Successfully updated.
# variable set hash-table stats:
# Load=0/32=0%, Rehash=0, Collisions=0/0=0%
#  commands to execute (from `Makefile', line 56):
	@$(CC) $(CFLAG) -c $(INCLUDES) $< -o $@
	

srcs/prompt.o: srcs/prompt.c
#  Implicit rule search has been done.
#  Implicit/static pattern stem: `srcs/prompt'
#  Last modified 2022-06-11 20:52:34
#  File has been updated.
#  Successfully updated.
# variable set hash-table stats:
# Load=0/32=0%, Rehash=0, Collisions=0/0=0%
#  commands to execute (from `Makefile', line 56):
	@$(CC) $(CFLAG) -c $(INCLUDES) $< -o $@
	

srcs/lexer/validate_token_list.o: srcs/lexer/validate_token_list.c
#  Implicit rule search has been done.
#  Implicit/static pattern stem: `srcs/lexer/validate_token_list'
#  Last modified 2022-06-11 20:52:34
#  File has been updated.
#  Successfully updated.
# variable set hash-table stats:
# Load=0/32=0%, Rehash=0, Collisions=0/0=0%
#  commands to execute (from `Makefile', line 56):
	@$(CC) $(CFLAG) -c $(INCLUDES) $< -o $@
	

# Not a target:
srcs/util_free/terminate_free.c:
#  Implicit rule search has been done.
#  Last modified 2022-06-11 12:49:09
#  File has been updated.
#  Successfully updated.
# variable set hash-table stats:
# Load=0/32=0%, Rehash=0, Collisions=0/0=0%

# Not a target:
.DEFAULT:
#  Implicit rule search has not been done.
#  Modification time never checked.
#  File has not been updated.

srcs/builtin/builtin_echo.o: srcs/builtin/builtin_echo.c
#  Implicit rule search has been done.
#  Implicit/static pattern stem: `srcs/builtin/builtin_echo'
#  Last modified 2022-06-11 20:52:35
#  File has been updated.
#  Successfully updated.
# variable set hash-table stats:
# Load=0/32=0%, Rehash=0, Collisions=0/0=0%
#  commands to execute (from `Makefile', line 56):
	@$(CC) $(CFLAG) -c $(INCLUDES) $< -o $@
	

# Not a target:
srcs/parser/parser.c:
#  Implicit rule search has been done.
#  Last modified 2022-06-11 20:46:10
#  File has been updated.
#  Successfully updated.
# variable set hash-table stats:
# Load=0/32=0%, Rehash=0, Collisions=0/0=0%

srcs/lexer/tokenizing_util.o: srcs/lexer/tokenizing_util.c
#  Implicit rule search has been done.
#  Implicit/static pattern stem: `srcs/lexer/tokenizing_util'
#  Last modified 2022-06-11 20:52:34
#  File has been updated.
#  Successfully updated.
# variable set hash-table stats:
# Load=0/32=0%, Rehash=0, Collisions=0/0=0%
 
#  commands to execute (from `Makefile', line 56):
	@$(CC) $(CFLAG) -c $(INCLUDES) $< -o $@
	

# Not a target:
srcs/lexer/tokenizer.c:
#  Implicit rule search has been done.
#  Last modified 2022-06-11 12:49:09
#  File has been updated.
#  Successfully updated.
# variable set hash-table stats:
# Load=0/32=0%, Rehash=0, Collisions=0/0=0%

# Not a target:
srcs/scanner/init_token_util.c:
#  Implicit rule search has been done.
#  Last modified 2022-06-11 12:49:09
#  File has been updated.
#  Successfully updated.
# variable set hash-table stats:
# Load=0/32=0%, Rehash=0, Collisions=0/0=0%

srcs/builtin/builtin_export.o: srcs/builtin/builtin_export.c
#  Implicit rule search has been done.
#  Implicit/static pattern stem: `srcs/builtin/builtin_export'
#  Last modified 2022-06-11 20:52:35
#  File has been updated.
#  Needs to be updated (-q is set).
# automatic
# @ := srcs/builtin/builtin_export.o
# automatic
# % := 
# automatic
# * := srcs/builtin/builtin_export
# automatic
# + := srcs/builtin/builtin_export.c
# automatic
# | := 
# automatic
# < := srcs/builtin/builtin_export.c
# automatic
# ^ := srcs/builtin/builtin_export.c
# automatic
# ? := srcs/builtin/builtin_export.c
# variable set hash-table stats:
# Load=8/32=25%, Rehash=0, Collisions=6/19=32%
#  commands to execute (from `Makefile', line 56):
	@$(CC) $(CFLAG) -c $(INCLUDES) $< -o $@
	

re: fclean all
#  Phony target (prerequisite of .PHONY).
#  Implicit rule search has not been done.
#  File does not exist.
#  File has not been updated.

srcs/parser/parse_result_util.o: srcs/parser/parse_result_util.c
#  Implicit rule search has been done.
#  Implicit/static pattern stem: `srcs/parser/parse_result_util'
#  Last modified 2022-06-11 20:52:35
#  File has been updated.
#  Successfully updated.
# variable set hash-table stats:
# Load=0/32=0%, Rehash=0, Collisions=0/0=0%
#  commands to execute (from `Makefile', line 56):
	@$(CC) $(CFLAG) -c $(INCLUDES) $< -o $@
	

# Not a target:
srcs/builtin/built_error.c:
#  Implicit rule search has been done.
#  Last modified 2022-06-11 12:49:09
#  File has been updated.
#  Successfully updated.
# variable set hash-table stats:
# Load=0/32=0%, Rehash=0, Collisions=0/0=0%

clean:
#  Phony target (prerequisite of .PHONY).
#  Implicit rule search has not been done.
#  File does not exist.
#  File has not been updated.
#  commands to execute (from `Makefile', line 62):
	@$(MAKE) -s -C $(LIBFT_DIR) clean
	@rm -rf $(OBJS)
	

# Not a target:
srcs/init_struct.c:
#  Implicit rule search has been done.
#  Last modified 2022-06-11 12:49:09
#  File has been updated.
#  Successfully updated.
# variable set hash-table stats:
# Load=0/32=0%, Rehash=0, Collisions=0/0=0%

srcs/init_prompt.o: srcs/init_prompt.c
#  Implicit rule search has been done.
#  Implicit/static pattern stem: `srcs/init_prompt'
#  Last modified 2022-06-11 20:52:34
#  File has been updated.
#  Successfully updated.
# variable set hash-table stats:
# Load=0/32=0%, Rehash=0, Collisions=0/0=0%
#  commands to execute (from `Makefile', line 56):
	@$(CC) $(CFLAG) -c $(INCLUDES) $< -o $@
	

srcs/lexer/lexer.o: srcs/lexer/lexer.c
#  Implicit rule search has been done.
#  Implicit/static pattern stem: `srcs/lexer/lexer'
#  Last modified 2022-06-11 20:52:34
#  File has been updated.
#  Successfully updated.
# variable set hash-table stats:
# Load=0/32=0%, Rehash=0, Collisions=0/0=0%
#  commands to execute (from `Makefile', line 56):
	@$(CC) $(CFLAG) -c $(INCLUDES) $< -o $@
	

srcs/builtin/builtin_error_singlequote.o: srcs/builtin/builtin_error_singlequote.c
#  Implicit rule search has been done.
#  Implicit/static pattern stem: `srcs/builtin/builtin_error_singlequote'
#  Last modified 2022-06-11 20:52:35
#  File has been updated.
#  Successfully updated.
# variable set hash-table stats:
# Load=0/32=0%, Rehash=0, Collisions=0/0=0%
#  commands to execute (from `Makefile', line 56):
	@$(CC) $(CFLAG) -c $(INCLUDES) $< -o $@
	

# Not a target:
srcs/parser/init_parser.c:
#  Implicit rule search has been done.
#  Last modified 2022-06-11 20:35:52
#  File has been updated.
#  Successfully updated.
# variable set hash-table stats:
# Load=0/32=0%, Rehash=0, Collisions=0/0=0%

srcs/scanner/scanner.o: srcs/scanner/scanner.c
#  Implicit rule search has been done.
#  Implicit/static pattern stem: `srcs/scanner/scanner'
#  Last modified 2022-06-11 20:52:34
#  File has been updated.
#  Successfully updated.
# variable set hash-table stats:
# Load=0/32=0%, Rehash=0, Collisions=0/0=0%
#  commands to execute (from `Makefile', line 56):
	@$(CC) $(CFLAG) -c $(INCLUDES) $< -o $@
	

jasong: lib/libft/libft.a
#  Implicit rule search has not been done.
#  Modification time never checked.
#  File has not been updated.
#  commands to execute (from `Makefile', line 73):
	$(CC) $(CFLAG) $(LIBRARIES) $(INCLUDES) $(JASONG_LIB_FLAG) $(JASONG_INC_FLAG) $(MAIN_SRCDIR) -o $@ -lft -lreadline
	

# Not a target:
srcs/execute/execute.o:
#  Implicit rule search has not been done.
#  Modification time never checked.
#  File has not been updated.

lib/libft/libft.a:
#  Implicit rule search has not been done.
#  Last modified 2022-06-11 20:52:34
#  File has been updated.
#  Successfully updated.
#  commands to execute (from `Makefile', line 59):
	@$(MAKE) -s -C $(LIBFT_DIR) all
	

srcs/scanner/get_token_env.o: srcs/scanner/get_token_env.c
#  Implicit rule search has been done.
#  Implicit/static pattern stem: `srcs/scanner/get_token_env'
#  Last modified 2022-06-11 20:52:34
#  File has been updated.
#  Successfully updated.
# variable set hash-table stats:
# Load=0/32=0%, Rehash=0, Collisions=0/0=0%
#  commands to execute (from `Makefile', line 56):
	@$(CC) $(CFLAG) -c $(INCLUDES) $< -o $@
	

srcs/signal_handler.o: srcs/signal_handler.c
#  Implicit rule search has been done.
#  Implicit/static pattern stem: `srcs/signal_handler'
#  Last modified 2022-06-11 20:52:34
#  File has been updated.
#  Successfully updated.
# variable set hash-table stats:
# Load=0/32=0%, Rehash=0, Collisions=0/0=0%
#  commands to execute (from `Makefile', line 56):
	@$(CC) $(CFLAG) -c $(INCLUDES) $< -o $@
	

# Not a target:
srcs/minishell.c:
#  Implicit rule search has been done.
#  Last modified 2022-06-11 12:49:09
#  File has been updated.
#  Successfully updated.
# variable set hash-table stats:
# Load=0/32=0%, Rehash=0, Collisions=0/0=0%

# Not a target:
srcs/builtin/builtin_cd.c:
#  Implicit rule search has been done.
#  Last modified 2022-06-11 12:49:14
#  File has been updated.
#  Successfully updated.
# variable set hash-table stats:
# Load=0/32=0%, Rehash=0, Collisions=0/0=0%

# Not a target:
srcs/prompt.c:
#  Implicit rule search has been done.
#  Last modified 2022-06-11 12:49:14
#  File has been updated.
#  Successfully updated.
# variable set hash-table stats:
# Load=0/32=0%, Rehash=0, Collisions=0/0=0%

# Not a target:
srcs/lexer/validate_token_list.c:
#  Implicit rule search has been done.
#  Last modified 2022-06-11 20:16:30
#  File has been updated.
#  Successfully updated.
# variable set hash-table stats:
# Load=0/32=0%, Rehash=0, Collisions=0/0=0%

srcs/builtin/builtin_env.o: srcs/builtin/builtin_env.c
#  Implicit rule search has been done.
#  Implicit/static pattern stem: `srcs/builtin/builtin_env'
#  Last modified 2022-06-11 20:52:35
#  File has been updated.
#  Successfully updated.
# variable set hash-table stats:
# Load=0/32=0%, Rehash=0, Collisions=0/0=0%
#  commands to execute (from `Makefile', line 56):
	@$(CC) $(CFLAG) -c $(INCLUDES) $< -o $@
	

# Not a target:
srcs/builtin/builtin_echo.c:
#  Implicit rule search has been done.
#  Last modified 2022-06-11 19:24:10
#  File has been updated.
#  Successfully updated.
# variable set hash-table stats:
# Load=0/32=0%, Rehash=0, Collisions=0/0=0%

srcs/builtin/builtin_cd.o: srcs/builtin/builtin_cd.c
#  Implicit rule search has been done.
#  Implicit/static pattern stem: `srcs/builtin/builtin_cd'
#  Last modified 2022-06-11 20:52:35
#  File has been updated.
#  Successfully updated.
# variable set hash-table stats:
# Load=0/32=0%, Rehash=0, Collisions=0/0=0%
#  commands to execute (from `Makefile', line 56):
	@$(CC) $(CFLAG) -c $(INCLUDES) $< -o $@
	

 
srcs/builtin/builtin_exit.o: srcs/builtin/builtin_exit.c
#  Implicit rule search has been done.
#  Implicit/static pattern stem: `srcs/builtin/builtin_exit'
#  Last modified 2022-06-11 20:52:35
#  File has been updated.
#  Successfully updated.
# variable set hash-table stats:
# Load=0/32=0%, Rehash=0, Collisions=0/0=0%
#  commands to execute (from `Makefile', line 56):
	@$(CC) $(CFLAG) -c $(INCLUDES) $< -o $@
	

# Not a target:
srcs/lexer/tokenizing_util.c:
#  Implicit rule search has been done.
#  Last modified 2022-06-11 19:16:25
#  File has been updated.
#  Successfully updated.
# variable set hash-table stats:
# Load=0/32=0%, Rehash=0, Collisions=0/0=0%

srcs/scanner/expand_tokens.o: srcs/scanner/expand_tokens.c
#  Implicit rule search has been done.
#  Implicit/static pattern stem: `srcs/scanner/expand_tokens'
#  Last modified 2022-06-11 20:52:34
#  File has been updated.
#  Successfully updated.
# variable set hash-table stats:
# Load=0/32=0%, Rehash=0, Collisions=0/0=0%
#  commands to execute (from `Makefile', line 56):
	@$(CC) $(CFLAG) -c $(INCLUDES) $< -o $@
	

# Not a target:
srcs/builtin/builtin_export.c:
#  Implicit rule search has been done.
#  Last modified 2022-06-11 21:04:06
#  File has been updated.
#  Successfully updated.
# variable set hash-table stats:
# Load=0/32=0%, Rehash=0, Collisions=0/0=0%

# files hash-table stats:
# Load=77/1024=8%, Rehash=0, Collisions=32/225=14%
# VPATH Search Paths

# No `vpath' search paths.

# No general (`VPATH' variable) search path.

# # of strings in strcache: 1
# # of strcache buffers: 1
# strcache size: total = 4096 / max = 4096 / min = 4096 / avg = 4096
# strcache free: total = 4087 / max = 4087 / min = 4087 / avg = 4087

# Finished Make data base on Sat Jun 11 22:53:31 2022

 
